<?xml version="1.0" encoding="UTF-8"?>
<!-- Generated by org.testng.reporters.JUnitXMLReporter -->
<testsuite ignored="0" hostname="DESKTOP-077G3EM" failures="2" tests="2" name="RingPay" time="24.843" errors="0" timestamp="2022-11-15T12:36:31 IST">
  <testcase classname="com.RingPay.TestScripts.RingPayTestScripts" name="ringPayLogin" time="3.251">
    <failure type="java.sql.SQLException" message="Access denied for user &amp;apos;ext_collabera_readonly&amp;apos;@&amp;apos;localhost&amp;apos; (using password: YES)">
      <![CDATA[java.sql.SQLException: Access denied for user 'ext_collabera_readonly'@'localhost' (using password: YES)
at com.mysql.cj.jdbc.exceptions.SQLError.createSQLException(SQLError.java:129)
at com.mysql.cj.jdbc.exceptions.SQLExceptionsMapping.translateException(SQLExceptionsMapping.java:122)
at com.mysql.cj.jdbc.ConnectionImpl.createNewIO(ConnectionImpl.java:828)
at com.mysql.cj.jdbc.ConnectionImpl.<init>(ConnectionImpl.java:448)
at com.mysql.cj.jdbc.ConnectionImpl.getInstance(ConnectionImpl.java:241)
at com.mysql.cj.jdbc.NonRegisteringDriver.connect(NonRegisteringDriver.java:198)
at java.sql/java.sql.DriverManager.getConnection(DriverManager.java:683)
at java.sql/java.sql.DriverManager.getConnection(DriverManager.java:230)
at com.utility.Utilities.executeQuery(Utilities.java:2606)
at com.business.RingPay.RingPayBusinessLogic.mockUserAPI(RingPayBusinessLogic.java:2562)
at com.RingPay.TestScripts.RingPayTestScripts.ringPayLogin(RingPayTestScripts.java:54)
at java.base/java.util.ArrayList.forEach(ArrayList.java:1511)
... Removed 28 stack frames]]>
    </failure>
  </testcase> <!-- ringPayLogin -->
  <testcase classname="com.RingPay.TestScripts.RingPayTestScripts" name="ringPayLogin" time="3.604">
    <failure type="java.lang.NullPointerException" message="Cannot invoke &amp;quot;com.aventstack.extentreports.ExtentTest.addScreenCaptureFromBase64String(String)&amp;quot; because the return value of &amp;quot;java.lang.ThreadLocal.get()&amp;quot; is null">
      <![CDATA[java.lang.NullPointerException: Cannot invoke "com.aventstack.extentreports.ExtentTest.addScreenCaptureFromBase64String(String)" because the return value of "java.lang.ThreadLocal.get()" is null
at com.extent.ExtentReporter.screencapture(ExtentReporter.java:317)
at com.extent.ExtentReporter.onTestFailure(ExtentReporter.java:215)
at java.base/java.util.ArrayList.forEach(ArrayList.java:1511)
... Removed 27 stack frames]]>
    </failure>
  </testcase> <!-- ringPayLogin -->
</testsuite> <!-- RingPay -->
