<?xml version="1.0" encoding="UTF-8"?>
<!-- Generated by org.testng.reporters.JUnitXMLReporter -->
<testsuite ignored="0" hostname="DESKTOP-077G3EM" failures="1" tests="2" name="RingPay" time="12.825" errors="0" timestamp="2022-12-06T11:05:28 IST">
  <testcase classname="com.RingPay.TestScripts.RingPayTestScripts" name="@BeforeTest Before" time="2.432">
    <skipped/>
  </testcase> <!-- @BeforeTest Before -->
  <testcase classname="com.RingPay.TestScripts.RingPayTestScripts" name="User_Playstore_Flow" time="0.0">
    <skipped/>
  </testcase> <!-- User_Playstore_Flow -->
  <testcase classname="com.RingPay.TestScripts.RingPayTestScripts" name="User_Playstore_Flow" time="0.47">
    <failure type="java.lang.IllegalArgumentException" message="nodeName cannot be null or empty">
      <![CDATA[java.lang.IllegalArgumentException: nodeName cannot be null or empty
at com.aventstack.extentreports.ExtentTest.createNode(ExtentTest.java:166)
at com.aventstack.extentreports.ExtentTest.createNode(ExtentTest.java:274)
at com.extent.ExtentReporter.HeaderChildNode(ExtentReporter.java:259)
at com.extent.ExtentReporter.onTestSkipped(ExtentReporter.java:249)
at java.base/java.util.ArrayList.forEach(ArrayList.java:1511)
... Removed 25 stack frames]]>
    </failure>
  </testcase> <!-- User_Playstore_Flow -->
</testsuite> <!-- RingPay -->
